[portal.dilshanranwadana.com/index.html]
[backblue.gif]
[fade.gif]
[index.html]
[portal.dilshanranwadana.com/wp-content/themes/astra/assets/css/minified/main.min1dc6.css]
[portal.dilshanranwadana.com/wp-content/plugins/elementskit-lite/modules/elementskit-icon-pack/assets/css/ekiticons459e.css]
[portal.dilshanranwadana.com/wp-content/plugins/elementor/assets/css/frontend-lite.min34a7.css]
[portal.dilshanranwadana.com/feed/index.html]
[portal.dilshanranwadana.com/wp-content/plugins/elementor/assets/lib/swiper/v8/css/swiper.min94a4.css]
[portal.dilshanranwadana.com/wp-content/uploads/elementor/css/post-91f59f.css]
[portal.dilshanranwadana.com/comments/feed/index.html]
[portal.dilshanranwadana.com/wp-content/plugins/powerpack-lite-for-elementor/assets/css/min/frontend.min2539.css]
[portal.dilshanranwadana.com/wp-content/plugins/elementor-pro/assets/css/frontend-lite.min34a7.css]
[portal.dilshanranwadana.com/wp-content/uploads/elementor/css/post-1016fe.css]
[portal.dilshanranwadana.com/wp-content/plugins/elementskit-lite/widgets/init/assets/css/widget-styles459e.css]
[portal.dilshanranwadana.com/wp-content/plugins/elementskit-lite/widgets/init/assets/css/responsive459e.css]
[portal.dilshanranwadana.com/wp-includes/js/jquery/jquery.minf43b.js]
[portal.dilshanranwadana.com/wp-includes/js/jquery/jquery-migrate.min5589.js]
[portal.dilshanranwadana.com/xmlrpc0db0.php]
[portal.dilshanranwadana.com/wp-json/wp/v2/pages/10.json]
[portal.dilshanranwadana.com/wp-json/oembed/1.0/embedd1ba.json]
[portal.dilshanranwadana.com/wp-json/index.html]
[portal.dilshanranwadana.com/wp-json/oembed/1.0/embedcf50]
[portal.dilshanranwadana.com/wp-content/uploads/2024/02/logo-1.png]
[portal.dilshanranwadana.com/wp-content/plugins/elementor-pro/assets/css/widget-nav-menu.min.css]
[portal.dilshanranwadana.com/wp-content/uploads/2024/02/divider.png]
[portal.dilshanranwadana.com/wp-content/uploads/2024/02/07-768x512.jpg]
[portal.dilshanranwadana.com/wp-content/uploads/2024/02/09-768x512.jpg]
[portal.dilshanranwadana.com/wp-content/uploads/2024/02/03-768x512.jpg]
[portal.dilshanranwadana.com/wp-content/uploads/2024/02/05-768x512.jpg]
[portal.dilshanranwadana.com/wp-content/uploads/2024/02/06-768x512.jpg]
[portal.dilshanranwadana.com/wp-content/uploads/2024/02/08-768x512.jpg]
[portal.dilshanranwadana.com/wp-content/uploads/2024/02/10-768x512.jpg]
[portal.dilshanranwadana.com/wp-content/uploads/2024/02/04-768x512.jpg]
[portal.dilshanranwadana.com/cdn-cgi/l/email-protection.html]
[portal.dilshanranwadana.com/wp-content/plugins/elementor/assets/lib/animations/animations.min34a7.css]
[portal.dilshanranwadana.com/cdn-cgi/scripts/5c5dd728/cloudflare-static/email-decode.min.js]
[portal.dilshanranwadana.com/wp-content/themes/astra/assets/js/minified/frontend.min1dc6.js]
[portal.dilshanranwadana.com/wp-content/plugins/elementskit-lite/libs/framework/assets/js/frontend-script459e.js]
[portal.dilshanranwadana.com/wp-content/plugins/elementskit-lite/widgets/init/assets/js/widget-scripts459e.js]
[portal.dilshanranwadana.com/wp-content/plugins/elementor-pro/assets/lib/smartmenus/jquery.smartmenus.min1576.js]
[portal.dilshanranwadana.com/wp-includes/js/imagesloaded.minbb93.js]
[portal.dilshanranwadana.com/wp-content/plugins/elementor-pro/assets/js/webpack-pro.runtime.min34a7.js]
[portal.dilshanranwadana.com/wp-content/plugins/elementor/assets/js/webpack.runtime.min34a7.js]
[portal.dilshanranwadana.com/wp-content/plugins/elementor/assets/js/frontend-modules.min34a7.js]
[portal.dilshanranwadana.com/wp-includes/js/dist/vendor/wp-polyfill-inert.min0226.js]
[portal.dilshanranwadana.com/wp-includes/js/dist/vendor/regenerator-runtime.min6c85.js]
[portal.dilshanranwadana.com/wp-includes/js/dist/vendor/wp-polyfill.min2c7c.js]
[portal.dilshanranwadana.com/wp-includes/js/dist/hooks.min2ebd.js]
[portal.dilshanranwadana.com/wp-includes/js/dist/i18n.minf92f.js]
[portal.dilshanranwadana.com/wp-content/plugins/elementor-pro/assets/js/frontend.min34a7.js]
[portal.dilshanranwadana.com/wp-content/plugins/elementor/assets/lib/waypoints/waypoints.min05da.js]
[portal.dilshanranwadana.com/wp-includes/js/jquery/ui/core.min3f14.js]
[portal.dilshanranwadana.com/wp-content/plugins/elementor/assets/js/frontend.min34a7.js]
[portal.dilshanranwadana.com/wp-content/plugins/elementor-pro/assets/js/elements-handlers.min34a7.js]
[portal.dilshanranwadana.com/wp-content/plugins/elementskit-lite/widgets/init/assets/js/animate-circle.min459e.js]
[portal.dilshanranwadana.com/wp-content/plugins/elementskit-lite/widgets/init/assets/js/elementor459e.js]
[portal.dilshanranwadana.com/cdn-cgi/scripts/7d0fa10a/cloudflare-static/rocket-loader.min.js]
[portal.dilshanranwadana.com/cdn-cgi/challenge-platform/scripts/jsd/main.js]
[portal.dilshanranwadana.com/index.html]
[portal.dilshanranwadana.com/wp-content/themes/astra/assets/css/minified/main.min1dc6.css]
[portal.dilshanranwadana.com/cdn-cgi/challenge-platform/h/b/scripts/jsd/aeb70db32f0f/main.js]
[portal.dilshanranwadana.com/wp-content/plugins/elementskit-lite/modules/elementskit-icon-pack/assets/fonts/elementskit97ac.woff]
[portal.dilshanranwadana.com/wp-content/plugins/elementskit-lite/modules/elementskit-icon-pack/assets/css/ekiticons459e.css]
[portal.dilshanranwadana.com/wp-content/plugins/elementor/assets/css/frontend-lite.min34a7.css]
[portal.dilshanranwadana.com/wp-content/plugins/elementor/assets/lib/swiper/v8/css/swiper.min94a4.css]
[portal.dilshanranwadana.com/wp-content/uploads/elementor/css/post-91f59f.css]
[portal.dilshanranwadana.com/wp-content/plugins/powerpack-lite-for-elementor/assets/css/min/frontend.min2539.css]
[portal.dilshanranwadana.com/wp-content/plugins/elementor-pro/assets/css/frontend-lite.min34a7.css]
[portal.dilshanranwadana.com/wp-content/uploads/2024/02/20-scaled.jpg]
[portal.dilshanranwadana.com/wp-content/uploads/elementor/css/post-1016fe.css]
[portal.dilshanranwadana.com/wp-content/plugins/elementskit-lite/widgets/init/assets/img/arrow.png]
[portal.dilshanranwadana.com/wp-content/plugins/elementskit-lite/widgets/init/assets/img/sort_asc.png]
[portal.dilshanranwadana.com/wp-content/plugins/elementskit-lite/widgets/init/assets/img/sort_desc.png]
[portal.dilshanranwadana.com/wp-content/plugins/elementskit-lite/widgets/init/assets/img/sort_asc_disabled.png]
[portal.dilshanranwadana.com/wp-content/plugins/elementskit-lite/widgets/init/assets/css/widget-styles459e.css]
[portal.dilshanranwadana.com/wp-content/plugins/elementskit-lite/widgets/init/assets/css/responsive459e.css]
[portal.dilshanranwadana.com/xmlrpc0db0.html]
[portal.dilshanranwadana.com/wp-content/plugins/elementor-pro/assets/css/widget-nav-menu.min.css]
[portal.dilshanranwadana.com/wp-content/uploads/2024/02/divider.html]
[portal.dilshanranwadana.com/cdn-cgi/l/email-protection.html]
[portal.dilshanranwadana.com/wp-content/plugins/elementor/assets/lib/animations/animations.min34a7.css]
[portal.dilshanranwadana.com/wp-content/plugins/elementskit-lite/widgets/init/assets/img/cross-out.svg]
[portal.dilshanranwadana.com/wp-content/plugins/elementskit-lite/widgets/init/assets/img/cross-out.svg]
